Grading r51792 by enx-cs225autograder committed on Tue Nov 15 00:41:13 CST 2016
Monad Autograder
Testing mp6 at 2016-11-16 00:29:11

"The first 90% of the code accounts for the first 90% of the development time. The remaining 10% of the code accounts for the other 90% of the development time." ~ Tom Cargill

Setting up test environment...
Compiling...
================================================================


Running tests...
================================================================
testSmallerDimVal . . . . . [3 pts]  - passed
testShouldReplace . . . . . [3 pts]  - passed
testLinearCtor_1_10 . . . . [4 pts]  - passed
testLinearCtor_3_31 . . . . [4 pts]  - passed
testLinearCtor_2_14 . . . . [4 pts]  - passed
testLinearNNS_1_10  . . . . [4 pts]  - passed
testLinearNNS_3_31  . . . . [4 pts]  - passed
testLinearNNS_2_14  . . . . [4 pts]  - passed
testDeceptiveNNOneLevelCtor [4 pts]  - passed
testDeceptiveNNOneLevelNNS  [3 pts]  - passed
testMinesCtor . . . . . . . [3 pts]  - passed
testMinesNNS  . . . . . . . [4 pts]  - passed
testDeceptiveMinesCtor  . . [3 pts]  - passed
testDeceptiveMinesNNS . . . [5 pts]  - passed
testTieBreakingCtor . . . . [3 pts]  - passed
testTieBreakingNNS  . . . . [3 pts]  - passed
testLeftRecurseCtor . . . . [3 pts]  - passed
testLeftRecurseNNS  . . . . [3 pts]  - passed
testRandom1Ctor . . . . . . [3 pts]  - passed
testRandom1NNS  . . . . . . [3 pts]  - passed
testRandom2Ctor . . . . . . [3 pts]  - passed
testRandom2NNS  . . . . . . [3 pts]  - passed
testCheckeredMosaic . . . . [12 pts] - passed
testPrimaryColorMosaic  . . [6 pts]  - passed
testRandomMosaic  . . . . . [6 pts]  - FAILED: unit_tests.cpp:584: [canvas->getTile(1, 0).getAverageColor() => (184,160,19)] != [RGBAPixel(201,123,46) => (201,123,46)]


Total score...
================================================================
TOTAL SCORE: 94



Detailed test output...
================================================================
----------------------------------------------------------------
testRandomMosaic [6 points]
Result: FAILED: unit_tests.cpp:584: [canvas->getTile(1, 0).getAverageColor() => (184,160,19)] != [RGBAPixel(201,123,46) => (201,123,46)]
Took 0ms (5000ms timeout)
Output:
----------------------------------------------------------------


----------------------------------------------------------------
Total score...
================================================================
TOTAL SCORE: 94

